2023-12-27 16:53:06,908 INFO Strategy Game [JavaFX Application Thread] New game button was clicked
2023-12-27 16:53:10,002 INFO Strategy Game [JavaFX Application Thread] Next move button was clicked
2023-12-27 16:53:10,515 INFO Strategy Game [JavaFX Application Thread] Next move button was clicked
2023-12-27 16:53:13,042 INFO Strategy Game [JavaFX Application Thread] Menu of buy buttons button was clicked
2023-12-27 16:53:17,666 INFO Strategy Game [JavaFX Application Thread] Get water button was clicked
2023-12-27 16:53:18,554 INFO Strategy Game [JavaFX Application Thread] Next move button was clicked
2023-12-27 16:53:19,666 INFO Strategy Game [JavaFX Application Thread] Next move button was clicked
2023-12-27 16:53:19,810 INFO Strategy Game [JavaFX Application Thread] Next move button was clicked
2023-12-27 16:53:19,946 INFO Strategy Game [JavaFX Application Thread] Next move button was clicked
2023-12-27 16:53:20,714 INFO Strategy Game [JavaFX Application Thread] Menu of buy buttons button was clicked
2023-12-27 16:53:22,467 INFO Strategy Game [JavaFX Application Thread] Buy field button was clicked
2023-12-27 16:53:23,507 INFO Strategy Game [JavaFX Application Thread] Menu of buy buttons button was clicked
2023-12-27 16:53:26,602 INFO Strategy Game [JavaFX Application Thread] Show graphic button was clicked
2023-12-27 16:53:34,890 INFO Strategy Game [JavaFX Application Thread] Exit button was clicked
2023-12-27 16:53:34,897 FATAL Strategy Game [JavaFX Application Thread] Program was closed

2023-12-27 18:47:37,614 INFO Strategy Game [main] Program has been successfully launched
2023-12-27 18:47:44,540 INFO Strategy Game [JavaFX Application Thread] New game button was clicked
2023-12-27 18:47:46,787 INFO Strategy Game [JavaFX Application Thread] Change map mode button was clicked
2023-12-27 18:47:47,731 INFO Strategy Game [JavaFX Application Thread] Change map mode button was clicked
2023-12-27 18:47:49,131 INFO Strategy Game [JavaFX Application Thread] Exit button was clicked
2023-12-27 18:47:49,137 FATAL Strategy Game [JavaFX Application Thread] Program was closed

2023-12-27 18:47:49,169 FATAL Strategy Game [main] Program was closed

2023-12-27 18:49:53,381 INFO Strategy Game [JavaFX Application Thread] New game button was clicked
2023-12-27 18:49:58,380 INFO Strategy Game [JavaFX Application Thread] Change map mode button was clicked
2023-12-27 18:49:58,915 INFO Strategy Game [JavaFX Application Thread] Change map mode button was clicked
2023-12-27 18:50:00,083 INFO Strategy Game [JavaFX Application Thread] Show graphic button was clicked
2023-12-27 18:50:01,683 INFO Strategy Game [JavaFX Application Thread] Show graphic button was clicked
2023-12-27 18:50:02,587 INFO Strategy Game [JavaFX Application Thread] Save button was clicked
2023-12-27 18:50:06,931 INFO Strategy Game [JavaFX Application Thread] Next move button was clicked
2023-12-27 18:50:07,091 INFO Strategy Game [JavaFX Application Thread] Next move button was clicked
2023-12-27 18:50:07,243 INFO Strategy Game [JavaFX Application Thread] Next move button was clicked
2023-12-27 18:50:08,067 INFO Strategy Game [JavaFX Application Thread] Menu of buy buttons button was clicked
2023-12-27 18:50:09,715 INFO Strategy Game [JavaFX Application Thread] Show graphic button was clicked
2023-12-27 18:50:14,523 INFO Strategy Game [JavaFX Application Thread] Next move button was clicked
2023-12-27 18:50:15,219 INFO Strategy Game [JavaFX Application Thread] Next move button was clicked
2023-12-27 18:50:15,555 INFO Strategy Game [JavaFX Application Thread] Next move button was clicked
2023-12-27 18:50:15,707 INFO Strategy Game [JavaFX Application Thread] Next move button was clicked
2023-12-27 18:50:16,188 INFO Strategy Game [JavaFX Application Thread] Next move button was clicked
2023-12-27 18:50:17,883 INFO Strategy Game [JavaFX Application Thread] Watered rise button was clicked
2023-12-27 18:50:18,404 INFO Strategy Game [JavaFX Application Thread] Next move button was clicked
2023-12-27 18:50:19,115 INFO Strategy Game [JavaFX Application Thread] Get water button was clicked
2023-12-27 18:50:19,652 INFO Strategy Game [JavaFX Application Thread] Next move button was clicked
2023-12-27 18:50:20,139 INFO Strategy Game [JavaFX Application Thread] Collecting rise button was clicked
2023-12-27 18:50:20,579 INFO Strategy Game [JavaFX Application Thread] Next move button was clicked
2023-12-27 18:50:20,979 INFO Strategy Game [JavaFX Application Thread] Watered rise button was clicked
2023-12-27 18:50:21,403 INFO Strategy Game [JavaFX Application Thread] Next move button was clicked
2023-12-27 18:50:21,915 INFO Strategy Game [JavaFX Application Thread] Collecting rise button was clicked
2023-12-27 18:50:22,827 INFO Strategy Game [JavaFX Application Thread] Next move button was clicked
2023-12-27 18:50:23,363 INFO Strategy Game [JavaFX Application Thread] Get water button was clicked
2023-12-27 18:50:23,948 INFO Strategy Game [JavaFX Application Thread] Next move button was clicked
2023-12-27 18:50:24,371 INFO Strategy Game [JavaFX Application Thread] Get water button was clicked
2023-12-27 18:50:24,859 INFO Strategy Game [JavaFX Application Thread] Next move button was clicked
2023-12-27 18:50:25,204 INFO Strategy Game [JavaFX Application Thread] Get water button was clicked
2023-12-27 18:50:25,611 INFO Strategy Game [JavaFX Application Thread] Next move button was clicked
2023-12-27 18:50:26,043 INFO Strategy Game [JavaFX Application Thread] Get water button was clicked
2023-12-27 18:50:26,435 INFO Strategy Game [JavaFX Application Thread] Next move button was clicked
2023-12-27 18:50:26,939 INFO Strategy Game [JavaFX Application Thread] Menu of buy buttons button was clicked
2023-12-27 18:50:29,243 INFO Strategy Game [JavaFX Application Thread] Show graphic button was clicked
2023-12-27 18:50:31,787 INFO Strategy Game [JavaFX Application Thread] Buy field button was clicked
2023-12-27 18:50:32,768 ERROR Strategy Game [JavaFX Application Thread] There are not enough resources to purchase a field
2023-12-27 18:50:33,307 INFO Strategy Game [JavaFX Application Thread] Buy field button was clicked
2023-12-27 18:50:33,961 ERROR Strategy Game [JavaFX Application Thread] There are not enough resources to purchase a field
2023-12-27 18:50:35,931 INFO Strategy Game [JavaFX Application Thread] Next move button was clicked
2023-12-27 18:50:37,107 INFO Strategy Game [JavaFX Application Thread] Menu of buy buttons button was clicked
2023-12-27 18:50:40,803 INFO Strategy Game [JavaFX Application Thread] Buy field button was clicked
2023-12-27 18:50:41,976 ERROR Strategy Game [JavaFX Application Thread] There are not enough resources to purchase a field
2023-12-27 18:50:46,435 INFO Strategy Game [JavaFX Application Thread] Get water button was clicked
2023-12-27 18:50:49,827 INFO Strategy Game [JavaFX Application Thread] Buy field button was clicked
2023-12-27 18:50:55,411 INFO Strategy Game [JavaFX Application Thread] Exit button was clicked
2023-12-27 18:50:55,416 FATAL Strategy Game [JavaFX Application Thread] Program was closed

